{"/Users/chusakhanucharoenkul/Downloads/backstage-1.38.1/backstage/packages/app/src/App.tsx": {"path":"/Users/chusakhanucharoenkul/Downloads/backstage-1.38.1/backstage/packages/app/src/App.tsx","statementMap":{"0":{"start":{"line":118,"column":0},"end":{"line":118,"column":15}},"1":{"start":{"line":1,"column":32},"end":{"line":1,"column":null}},"2":{"start":{"line":2,"column":47},"end":{"line":2,"column":null}},"3":{"start":{"line":7,"column":7},"end":{"line":7,"column":null}},"4":{"start":{"line":11,"column":7},"end":{"line":11,"column":null}},"5":{"start":{"line":12,"column":49},"end":{"line":12,"column":null}},"6":{"start":{"line":13,"column":26},"end":{"line":13,"column":null}},"7":{"start":{"line":14,"column":27},"end":{"line":14,"column":null}},"8":{"start":{"line":20,"column":7},"end":{"line":20,"column":null}},"9":{"start":{"line":22,"column":31},"end":{"line":22,"column":null}},"10":{"start":{"line":23,"column":28},"end":{"line":23,"column":null}},"11":{"start":{"line":24,"column":33},"end":{"line":24,"column":null}},"12":{"start":{"line":25,"column":21},"end":{"line":25,"column":null}},"13":{"start":{"line":26,"column":27},"end":{"line":26,"column":null}},"14":{"start":{"line":27,"column":27},"end":{"line":27,"column":null}},"15":{"start":{"line":28,"column":21},"end":{"line":28,"column":null}},"16":{"start":{"line":33,"column":7},"end":{"line":33,"column":null}},"17":{"start":{"line":34,"column":26},"end":{"line":34,"column":null}},"18":{"start":{"line":35,"column":38},"end":{"line":35,"column":null}},"19":{"start":{"line":36,"column":33},"end":{"line":36,"column":null}},"20":{"start":{"line":37,"column":34},"end":{"line":37,"column":null}},"21":{"start":{"line":38,"column":46},"end":{"line":38,"column":null}},"22":{"start":{"line":41,"column":33},"end":{"line":41,"column":null}},"23":{"start":{"line":43,"column":12},"end":{"line":79,"column":null}},"24":{"start":{"line":60,"column":4},"end":{"line":64,"column":null}},"25":{"start":{"line":65,"column":4},"end":{"line":67,"column":null}},"26":{"start":{"line":68,"column":4},"end":{"line":71,"column":null}},"27":{"start":{"line":72,"column":4},"end":{"line":74,"column":null}}},"fnMap":{"0":{"name":"(anonymous_2)","decl":{"start":{"line":59,"column":2},"end":{"line":59,"column":13}},"loc":{"start":{"line":59,"column":21},"end":{"line":75,"column":null}}}},"branchMap":{},"s":{"0":1,"1":1,"2":1,"3":1,"4":1,"5":1,"6":1,"7":1,"8":1,"9":1,"10":1,"11":1,"12":1,"13":1,"14":1,"15":1,"16":1,"17":1,"18":1,"19":1,"20":1,"21":1,"22":1,"23":1,"24":1,"25":1,"26":1,"27":1},"f":{"0":1},"b":{}}
,"/Users/chusakhanucharoenkul/Downloads/backstage-1.38.1/backstage/packages/app/src/apis.ts": {"path":"/Users/chusakhanucharoenkul/Downloads/backstage-1.38.1/backstage/packages/app/src/apis.ts","statementMap":{"0":{"start":{"line":12,"column":13},"end":{"line":12,"column":37}},"1":{"start":{"line":5,"column":7},"end":{"line":5,"column":null}},"2":{"start":{"line":10,"column":7},"end":{"line":10,"column":null}},"3":{"start":{"line":12,"column":37},"end":{"line":19,"column":null}},"4":{"start":{"line":16,"column":32},"end":{"line":16,"column":null}}},"fnMap":{"0":{"name":"(anonymous_1)","decl":{"start":{"line":16,"column":13},"end":{"line":16,"column":14}},"loc":{"start":{"line":16,"column":32},"end":{"line":16,"column":null}}}},"branchMap":{},"s":{"0":1,"1":1,"2":1,"3":1,"4":0},"f":{"0":0},"b":{}}
,"/Users/chusakhanucharoenkul/Downloads/backstage-1.38.1/backstage/packages/app/src/index.tsx": {"path":"/Users/chusakhanucharoenkul/Downloads/backstage-1.38.1/backstage/packages/app/src/index.tsx","statementMap":{"0":{"start":{"line":6,"column":0},"end":{"line":6,"column":null}}},"fnMap":{},"branchMap":{},"s":{"0":0},"f":{},"b":{}}
,"/Users/chusakhanucharoenkul/Downloads/backstage-1.38.1/backstage/packages/app/src/components/Root/LogoFull.tsx": {"path":"/Users/chusakhanucharoenkul/Downloads/backstage-1.38.1/backstage/packages/app/src/components/Root/LogoFull.tsx","statementMap":{"0":{"start":{"line":29,"column":0},"end":{"line":29,"column":15}},"1":{"start":{"line":1,"column":27},"end":{"line":1,"column":null}},"2":{"start":{"line":3,"column":18},"end":{"line":11,"column":null}},"3":{"start":{"line":12,"column":17},"end":{"line":27,"column":null}},"4":{"start":{"line":13,"column":18},"end":{"line":13,"column":null}},"5":{"start":{"line":29,"column":15},"end":{"line":29,"column":null}}},"fnMap":{"0":{"name":"(anonymous_1)","decl":{"start":{"line":12,"column":17},"end":{"line":12,"column":null}},"loc":{"start":{"line":12,"column":17},"end":{"line":27,"column":null}}}},"branchMap":{},"s":{"0":0,"1":1,"2":1,"3":1,"4":0,"5":1},"f":{"0":0},"b":{}}
,"/Users/chusakhanucharoenkul/Downloads/backstage-1.38.1/backstage/packages/app/src/components/Root/LogoIcon.tsx": {"path":"/Users/chusakhanucharoenkul/Downloads/backstage-1.38.1/backstage/packages/app/src/components/Root/LogoIcon.tsx","statementMap":{"0":{"start":{"line":30,"column":0},"end":{"line":30,"column":15}},"1":{"start":{"line":1,"column":27},"end":{"line":1,"column":null}},"2":{"start":{"line":3,"column":18},"end":{"line":11,"column":null}},"3":{"start":{"line":13,"column":17},"end":{"line":28,"column":null}},"4":{"start":{"line":14,"column":18},"end":{"line":14,"column":null}},"5":{"start":{"line":30,"column":15},"end":{"line":30,"column":null}}},"fnMap":{"0":{"name":"(anonymous_1)","decl":{"start":{"line":13,"column":17},"end":{"line":13,"column":null}},"loc":{"start":{"line":13,"column":17},"end":{"line":28,"column":null}}}},"branchMap":{},"s":{"0":0,"1":1,"2":1,"3":1,"4":0,"5":1},"f":{"0":0},"b":{}}
,"/Users/chusakhanucharoenkul/Downloads/backstage-1.38.1/backstage/packages/app/src/components/Root/Root.tsx": {"path":"/Users/chusakhanucharoenkul/Downloads/backstage-1.38.1/backstage/packages/app/src/components/Root/Root.tsx","statementMap":{"0":{"start":{"line":59,"column":13},"end":{"line":59,"column":20}},"1":{"start":{"line":2,"column":27},"end":{"line":2,"column":null}},"2":{"start":{"line":3,"column":21},"end":{"line":3,"column":null}},"3":{"start":{"line":4,"column":26},"end":{"line":4,"column":null}},"4":{"start":{"line":5,"column":25},"end":{"line":5,"column":null}},"5":{"start":{"line":6,"column":32},"end":{"line":6,"column":null}},"6":{"start":{"line":7,"column":21},"end":{"line":7,"column":null}},"7":{"start":{"line":8,"column":21},"end":{"line":8,"column":null}},"8":{"start":{"line":12,"column":7},"end":{"line":12,"column":null}},"9":{"start":{"line":13,"column":35},"end":{"line":13,"column":null}},"10":{"start":{"line":25,"column":7},"end":{"line":25,"column":null}},"11":{"start":{"line":26,"column":21},"end":{"line":26,"column":null}},"12":{"start":{"line":27,"column":23},"end":{"line":27,"column":null}},"13":{"start":{"line":28,"column":36},"end":{"line":28,"column":null}},"14":{"start":{"line":29,"column":22},"end":{"line":29,"column":null}},"15":{"start":{"line":31,"column":29},"end":{"line":44,"column":null}},"16":{"start":{"line":46,"column":20},"end":{"line":57,"column":null}},"17":{"start":{"line":47,"column":18},"end":{"line":47,"column":null}},"18":{"start":{"line":48,"column":21},"end":{"line":48,"column":null}}},"fnMap":{"0":{"name":"(anonymous_2)","decl":{"start":{"line":46,"column":20},"end":{"line":46,"column":null}},"loc":{"start":{"line":46,"column":20},"end":{"line":57,"column":null}}}},"branchMap":{"0":{"loc":{"start":{"line":53,"column":9},"end":{"line":53,"column":null}},"type":"cond-expr","locations":[{"start":{"line":53,"column":18},"end":{"line":53,"column":33}},{"start":{"line":53,"column":33},"end":{"line":53,"column":null}}]}},"s":{"0":1,"1":1,"2":1,"3":1,"4":1,"5":1,"6":1,"7":1,"8":1,"9":1,"10":1,"11":1,"12":1,"13":1,"14":1,"15":1,"16":1,"17":0,"18":0},"f":{"0":0},"b":{"0":[0,0]}}
,"/Users/chusakhanucharoenkul/Downloads/backstage-1.38.1/backstage/packages/app/src/components/Root/index.ts": {"path":"/Users/chusakhanucharoenkul/Downloads/backstage-1.38.1/backstage/packages/app/src/components/Root/index.ts","statementMap":{"0":{"start":{"line":1,"column":9},"end":{"line":1,"column":21}},"1":{"start":{"line":1,"column":21},"end":{"line":1,"column":null}}},"fnMap":{},"branchMap":{},"s":{"0":1,"1":1},"f":{},"b":{}}
,"/Users/chusakhanucharoenkul/Downloads/backstage-1.38.1/backstage/packages/app/src/components/catalog/EntityPage.tsx": {"path":"/Users/chusakhanucharoenkul/Downloads/backstage-1.38.1/backstage/packages/app/src/components/catalog/EntityPage.tsx","statementMap":{"0":{"start":{"line":399,"column":13},"end":{"line":399,"column":null}},"1":{"start":{"line":1,"column":29},"end":{"line":1,"column":null}},"2":{"start":{"line":9,"column":7},"end":{"line":9,"column":null}},"3":{"start":{"line":29,"column":7},"end":{"line":29,"column":null}},"4":{"start":{"line":35,"column":7},"end":{"line":35,"column":null}},"5":{"start":{"line":36,"column":38},"end":{"line":36,"column":null}},"6":{"start":{"line":37,"column":27},"end":{"line":37,"column":null}},"7":{"start":{"line":41,"column":7},"end":{"line":41,"column":null}},"8":{"start":{"line":51,"column":7},"end":{"line":51,"column":null}},"9":{"start":{"line":53,"column":31},"end":{"line":53,"column":null}},"10":{"start":{"line":54,"column":28},"end":{"line":54,"column":null}},"11":{"start":{"line":59,"column":7},"end":{"line":59,"column":null}}},"fnMap":{},"branchMap":{},"s":{"0":1,"1":1,"2":1,"3":1,"4":1,"5":1,"6":1,"7":1,"8":1,"9":1,"10":1,"11":1},"f":{},"b":{}}
,"/Users/chusakhanucharoenkul/Downloads/backstage-1.38.1/backstage/packages/app/src/components/search/SearchPage.tsx": {"path":"/Users/chusakhanucharoenkul/Downloads/backstage-1.38.1/backstage/packages/app/src/components/search/SearchPage.tsx","statementMap":{"0":{"start":{"line":123,"column":13},"end":{"line":123,"column":26}},"1":{"start":{"line":1,"column":47},"end":{"line":1,"column":null}},"2":{"start":{"line":3,"column":44},"end":{"line":3,"column":null}},"3":{"start":{"line":7,"column":7},"end":{"line":7,"column":null}},"4":{"start":{"line":8,"column":45},"end":{"line":8,"column":null}},"5":{"start":{"line":10,"column":27},"end":{"line":10,"column":null}},"6":{"start":{"line":17,"column":7},"end":{"line":17,"column":null}},"7":{"start":{"line":24,"column":7},"end":{"line":24,"column":null}},"8":{"start":{"line":25,"column":23},"end":{"line":25,"column":null}},"9":{"start":{"line":27,"column":18},"end":{"line":40,"column":null}},"10":{"start":{"line":27,"column":48},"end":{"line":40,"column":null}},"11":{"start":{"line":42,"column":19},"end":{"line":121,"column":null}},"12":{"start":{"line":43,"column":18},"end":{"line":43,"column":null}},"13":{"start":{"line":44,"column":20},"end":{"line":44,"column":null}},"14":{"start":{"line":45,"column":21},"end":{"line":45,"column":null}},"15":{"start":{"line":82,"column":38},"end":{"line":88,"column":null}},"16":{"start":{"line":90,"column":34},"end":{"line":90,"column":null}},"17":{"start":{"line":90,"column":54},"end":{"line":90,"column":74}},"18":{"start":{"line":91,"column":20},"end":{"line":91,"column":null}},"19":{"start":{"line":92,"column":20},"end":{"line":92,"column":null}},"20":{"start":{"line":123,"column":26},"end":{"line":123,"column":null}}},"fnMap":{"0":{"name":"(anonymous_1)","decl":{"start":{"line":27,"column":29},"end":{"line":27,"column":30}},"loc":{"start":{"line":27,"column":48},"end":{"line":40,"column":null}}},"1":{"name":"(anonymous_2)","decl":{"start":{"line":42,"column":19},"end":{"line":42,"column":null}},"loc":{"start":{"line":42,"column":19},"end":{"line":121,"column":null}}},"2":{"name":"(anonymous_3)","decl":{"start":{"line":80,"column":26},"end":{"line":80,"column":null}},"loc":{"start":{"line":80,"column":26},"end":{"line":93,"column":null}}},"3":{"name":"(anonymous_4)","decl":{"start":{"line":90,"column":44},"end":{"line":90,"column":54}},"loc":{"start":{"line":90,"column":54},"end":{"line":90,"column":74}}}},"branchMap":{"0":{"loc":{"start":{"line":75,"column":15},"end":{"line":75,"column":null}},"type":"binary-expr","locations":[{"start":{"line":75,"column":15},"end":{"line":75,"column":null}}]}},"s":{"0":1,"1":1,"2":1,"3":1,"4":1,"5":1,"6":1,"7":1,"8":1,"9":1,"10":0,"11":1,"12":0,"13":0,"14":0,"15":0,"16":0,"17":0,"18":0,"19":0,"20":1},"f":{"0":0,"1":0,"2":0,"3":0},"b":{"0":[0]}}
}
