TN:
SF:packages/app/src/App.tsx
FN:59,(anonymous_2)
FNF:1
FNH:1
FNDA:1,(anonymous_2)
DA:1,1
DA:2,1
DA:7,1
DA:11,1
DA:12,1
DA:13,1
DA:14,1
DA:20,1
DA:22,1
DA:23,1
DA:24,1
DA:25,1
DA:26,1
DA:27,1
DA:28,1
DA:33,1
DA:34,1
DA:35,1
DA:36,1
DA:37,1
DA:38,1
DA:41,1
DA:43,1
DA:60,1
DA:65,1
DA:68,1
DA:72,1
DA:118,1
LF:28
LH:28
BRF:0
BRH:0
end_of_record
TN:
SF:packages/app/src/apis.ts
FN:16,(anonymous_1)
FNF:1
FNH:0
FNDA:0,(anonymous_1)
DA:5,1
DA:10,1
DA:12,1
DA:16,0
LF:4
LH:3
BRF:0
BRH:0
end_of_record
TN:
SF:packages/app/src/index.tsx
FNF:0
FNH:0
DA:6,0
LF:1
LH:0
BRF:0
BRH:0
end_of_record
TN:
SF:packages/app/src/components/Root/LogoFull.tsx
FN:12,(anonymous_1)
FNF:1
FNH:0
FNDA:0,(anonymous_1)
DA:1,1
DA:3,1
DA:12,1
DA:13,0
DA:29,1
LF:5
LH:4
BRF:0
BRH:0
end_of_record
TN:
SF:packages/app/src/components/Root/LogoIcon.tsx
FN:13,(anonymous_1)
FNF:1
FNH:0
FNDA:0,(anonymous_1)
DA:1,1
DA:3,1
DA:13,1
DA:14,0
DA:30,1
LF:5
LH:4
BRF:0
BRH:0
end_of_record
TN:
SF:packages/app/src/components/Root/Root.tsx
FN:46,(anonymous_2)
FNF:1
FNH:0
FNDA:0,(anonymous_2)
DA:2,1
DA:3,1
DA:4,1
DA:5,1
DA:6,1
DA:7,1
DA:8,1
DA:12,1
DA:13,1
DA:25,1
DA:26,1
DA:27,1
DA:28,1
DA:29,1
DA:31,1
DA:46,1
DA:47,0
DA:48,0
DA:59,1
LF:19
LH:17
BRDA:53,0,0,0
BRDA:53,0,1,0
BRF:2
BRH:0
end_of_record
TN:
SF:packages/app/src/components/Root/index.ts
FNF:0
FNH:0
DA:1,1
LF:1
LH:1
BRF:0
BRH:0
end_of_record
TN:
SF:packages/app/src/components/catalog/EntityPage.tsx
FNF:0
FNH:0
DA:1,1
DA:9,1
DA:29,1
DA:35,1
DA:36,1
DA:37,1
DA:41,1
DA:51,1
DA:53,1
DA:54,1
DA:59,1
DA:399,1
LF:12
LH:12
BRF:0
BRH:0
end_of_record
TN:
SF:packages/app/src/components/search/SearchPage.tsx
FN:27,(anonymous_1)
FN:42,(anonymous_2)
FN:80,(anonymous_3)
FN:90,(anonymous_4)
FNF:4
FNH:0
FNDA:0,(anonymous_1)
FNDA:0,(anonymous_2)
FNDA:0,(anonymous_3)
FNDA:0,(anonymous_4)
DA:1,1
DA:3,1
DA:7,1
DA:8,1
DA:10,1
DA:17,1
DA:24,1
DA:25,1
DA:27,1
DA:42,1
DA:43,0
DA:44,0
DA:45,0
DA:82,0
DA:90,0
DA:91,0
DA:92,0
DA:123,1
LF:18
LH:11
BRDA:75,0,0,0
BRF:1
BRH:0
end_of_record
